This file contains any messages produced by compilers while
running configure, to aid debugging if configure makes a mistake.

It was created by swig configure 3.0.12, which was
generated by GNU Autoconf 2.69.  Invocation command line was

  $ /mnt/c/swigwin-3.0.12/configure 

## --------- ##
## Platform. ##
## --------- ##

hostname = DESKTOP-4JTG6PJ
uname -m = x86_64
uname -r = 4.4.0-17134-Microsoft
uname -s = Linux
uname -v = #137-Microsoft Thu Jun 14 18:46:00 PST 2018

/usr/bin/uname -p = unknown
/bin/uname -X     = unknown

/bin/arch              = unknown
/usr/bin/arch -k       = unknown
/usr/convex/getsysinfo = unknown
/usr/bin/hostinfo      = unknown
/bin/machine           = unknown
/usr/bin/oslevel       = unknown
/bin/universe          = unknown

PATH: /usr/local/sbin
PATH: /usr/local/bin
PATH: /usr/sbin
PATH: /usr/bin
PATH: /sbin
PATH: /bin
PATH: /usr/games
PATH: /usr/local/games
PATH: /mnt/c/Perl64/bin
PATH: /mnt/c/Python35
PATH: /mnt/c/Python35/Scripts
PATH: /mnt/c/ProgramData/Oracle/Java/javapath_target_337078
PATH: /mnt/c/Windows/System32
PATH: /mnt/c/Windows
PATH: /mnt/c/Windows/System32/wbem
PATH: /mnt/c/Windows/System32/WindowsPowerShell/v1.0
PATH: /mnt/c/Program Files (x86)/NVIDIA Corporation/PhysX/Common
PATH: /mnt/c/swigwin-3.0.12
PATH: /mnt/c/Windows/System32
PATH: /mnt/c/Windows
PATH: /mnt/c/Windows/System32/wbem
PATH: /mnt/c/Windows/System32/WindowsPowerShell/v1.0
PATH: /mnt/c/MinGW/bin
PATH: /mnt/c/Program Files/nodejs
PATH: /mnt/c/Users/PP37879/Documents/Dictionary/cmuclmtk-0.7-win32
PATH: /mnt/c/Users/PP37879/AppData/Local/Android/sdk
PATH: /mnt/c/mongodb/bin
PATH: /mnt/c/Program Files/Git/cmd
PATH: /mnt/c/Windows/System32/OpenSSH
PATH: /mnt/c/Users/PP37879/AppData/Local/Programs/Python/Python36/Scripts
PATH: /mnt/c/Users/PP37879/AppData/Local/Programs/Python/Python36
PATH: /mnt/c/Users/PP37879/AppData/Local/Microsoft/WindowsApps
PATH: /mnt/c/Program Files/Microsoft VS Code/bin
PATH: /mnt/c/Users/PP37879/AppData/Roaming/npm
PATH: /mnt/c/Program Files/Heroku/bin
PATH: /snap/bin


## ----------- ##
## Core tests. ##
## ----------- ##

configure:2831: checking build system type

## ---------------- ##
## Cache variables. ##
## ---------------- ##

ac_cv_env_CCC_set=
ac_cv_env_CCC_value=
ac_cv_env_CC_set=
ac_cv_env_CC_value=
ac_cv_env_CFLAGS_set=
ac_cv_env_CFLAGS_value=
ac_cv_env_CPPFLAGS_set=
ac_cv_env_CPPFLAGS_value=
ac_cv_env_CPP_set=
ac_cv_env_CPP_value=
ac_cv_env_CXXFLAGS_set=
ac_cv_env_CXXFLAGS_value=
ac_cv_env_CXX_set=
ac_cv_env_CXX_value=
ac_cv_env_LDFLAGS_set=
ac_cv_env_LDFLAGS_value=
ac_cv_env_LIBS_set=
ac_cv_env_LIBS_value=
ac_cv_env_PCRE_CFLAGS_set=
ac_cv_env_PCRE_CFLAGS_value=
ac_cv_env_PCRE_CONFIG_set=
ac_cv_env_PCRE_CONFIG_value=
ac_cv_env_PCRE_LIBS_set=
ac_cv_env_PCRE_LIBS_value=
ac_cv_env_YACC_set=
ac_cv_env_YACC_value=
ac_cv_env_YFLAGS_set=
ac_cv_env_YFLAGS_value=
ac_cv_env_build_alias_set=
ac_cv_env_build_alias_value=
ac_cv_env_host_alias_set=
ac_cv_env_host_alias_value=
ac_cv_env_target_alias_set=
ac_cv_env_target_alias_value=

## ----------------- ##
## Output variables. ##
## ----------------- ##

ACLOCAL=''
ADB=''
ALLEGROCLBIN=''
AMDEPBACKSLASH=''
AMDEP_FALSE=''
AMDEP_TRUE=''
AMTAR=''
AM_BACKSLASH=''
AM_DEFAULT_V=''
AM_DEFAULT_VERBOSITY=''
AM_V=''
ANDROID=''
ANT=''
AUTOCONF=''
AUTOHEADER=''
AUTOMAKE=''
AWK=''
BOOST_CPPFLAGS=''
BOOST_LDFLAGS=''
CAMLP4=''
CC=''
CCDEPMODE=''
CCSHARED=''
CFLAGS=''
CHICKEN=''
CHICKENLIB=''
CHICKENOPTS=''
CHICKENSHAREDLIB=''
CHICKEN_CSC=''
CHICKEN_CSI=''
CLISPBIN=''
CPP=''
CPPFLAGS=''
CSHARPCFLAGS=''
CSHARPCILINTERPRETER=''
CSHARPCILINTERPRETER_FLAGS=''
CSHARPCOMPILER=''
CSHARPCONVERTPATH=''
CSHARPDYNAMICLINKING=''
CSHARPLIBRARYPREFIX=''
CSHARPSO=''
CXX=''
CXXDEPMODE=''
CXXFLAGS=''
CXXSHARED=''
CYGPATH_W=''
D1COMPILER=''
D2COMPILER=''
DDEFAULTVERSION=''
DEFS=''
DEPDIR=''
DLIBPREFIX=''
ECHO_C=''
ECHO_N='-n'
ECHO_T=''
EGREP=''
ENABLE_CCACHE=''
EXEEXT=''
EXTRA_CLEAN=''
GCCGO=''
GCCGOOPT=''
GCJ=''
GCJH=''
GO12=''
GO13=''
GO15=''
GO1=''
GO=''
GOC=''
GOGCC=''
GOOPT=''
GOVERSIONOPTION=''
GREP=''
GUILE=''
GUILE_CFLAGS=''
GUILE_CONFIG=''
GUILE_LIBS=''
GUILE_SO=''
HAVE_CXX11_COMPILER=''
INSTALL_DATA=''
INSTALL_PROGRAM=''
INSTALL_SCRIPT=''
INSTALL_STRIP_PROGRAM=''
JAVA=''
JAVAC=''
JAVACFLAGS=''
JAVACXXSHARED=''
JAVADYNAMICLINKING=''
JAVAFLAGS=''
JAVAINC=''
JAVALDSHARED=''
JAVALIBRARYPREFIX=''
JAVASO=''
JSCENABLED=''
JSCOREDYNAMICLINKING=''
JSCOREINC=''
JSCOREVERSION=''
JSINTERPRETERCXX=''
JSINTERPRETERLINKFLAGS=''
JSV8DYNAMICLINKING=''
JSV8ENABLED=''
JSV8INC=''
LDFLAGS=''
LDSHARED=''
LIBC=''
LIBCRYPT=''
LIBM=''
LIBOBJS=''
LIBS=''
LINKFORSHARED=''
LTLIBOBJS=''
LUABIN=''
LUADYNAMICLINKING=''
LUAFLAGS=''
LUALINK=''
LUA_SO=''
MAKEINFO=''
MKDIR_P=''
MZC=''
MZDYNOBJ=''
MZSCHEME=''
MZSCHEME_SO=''
NDKBUILD=''
NODEGYP=''
NODEJS=''
OBJEXT=''
OCAMLC=''
OCAMLDLGEN=''
OCAMLFIND=''
OCAMLMKTOP=''
OCTAVE=''
OCTAVE_CPPFLAGS=''
OCTAVE_CXXFLAGS=''
OCTAVE_LDFLAGS=''
OCTAVE_SO=''
PACKAGE=''
PACKAGE_BUGREPORT='http://www.swig.org'
PACKAGE_NAME='swig'
PACKAGE_STRING='swig 3.0.12'
PACKAGE_TARNAME='swig'
PACKAGE_URL=''
PACKAGE_VERSION='3.0.12'
PATH_SEPARATOR=':'
PCRE_CFLAGS=''
PCRE_CONFIG=''
PCRE_LIBS=''
PEP8=''
PERL5CCCDLFLAGS=''
PERL5CCDLFLAGS=''
PERL5CCFLAGS=''
PERL5DYNAMICLINKING=''
PERL5EXT=''
PERL5LDFLAGS=''
PERL5LIB=''
PERL=''
PHP5=''
PHP5INC=''
PHP5_SO=''
PHP=''
PHPINC=''
PHP_SO=''
PIKE=''
PIKECCDLFLAGS=''
PIKECONFIG=''
PIKEDYNAMICLINKING=''
PIKEINCLUDE=''
PKGCONFIG=''
PLATCFLAGS=''
PLATCXXFLAGS=''
PY3CONFIG=''
PY3INCLUDE=''
PY3LIB=''
PY3LINK=''
PYINCLUDE=''
PYLIB=''
PYLINK=''
PYTHON3=''
PYTHON3DYNAMICLINKING=''
PYTHON=''
PYTHONDYNAMICLINKING=''
PYTHON_SO=''
RBIN=''
ROOT_DIR=''
RPATH=''
RUBY=''
RUBYCCDLFLAGS=''
RUBYDYNAMICLINKING=''
RUBYINCLUDE=''
RUBYLIB=''
RUBYLINK=''
RUBYSO=''
SCILAB=''
SCILABINCLUDE=''
SCILABOPT=''
SED=''
SET_MAKE=''
SHELL='/bin/bash'
SKIP_ALLEGROCL=''
SKIP_ANDROID=''
SKIP_CFFI=''
SKIP_CHICKEN=''
SKIP_CLISP=''
SKIP_CSHARP=''
SKIP_D=''
SKIP_GCJ=''
SKIP_GO=''
SKIP_GUILE=''
SKIP_JAVA=''
SKIP_JAVASCRIPT=''
SKIP_LUA=''
SKIP_MODULA3=''
SKIP_MZSCHEME=''
SKIP_OCAML=''
SKIP_OCTAVE=''
SKIP_PERL5=''
SKIP_PHP5=''
SKIP_PHP=''
SKIP_PIKE=''
SKIP_PYTHON3=''
SKIP_PYTHON=''
SKIP_R=''
SKIP_RUBY=''
SKIP_SCILAB=''
SKIP_TCL=''
SKIP_UFFI=''
SO=''
STRIP=''
SWIGLIBS=''
SWIG_LIB=''
SWIG_LIB_INSTALL=''
SWIG_LIB_PREINST=''
SWIG_LIB_SET=''
SWILL=''
TCLCXXSHARED=''
TCLDYNAMICLINKING=''
TCLINCLUDE=''
TCLLDSHARED=''
TCLLIB=''
TCL_SO=''
TRYLINKINGWITHCXX=''
VERSION=''
YACC=''
YFLAGS=''
ac_aux_dir='/mnt/c/swigwin-3.0.12/Tools/config'
ac_ct_CC=''
ac_ct_CXX=''
am__EXEEXT_FALSE=''
am__EXEEXT_TRUE=''
am__fastdepCC_FALSE=''
am__fastdepCC_TRUE=''
am__fastdepCXX_FALSE=''
am__fastdepCXX_TRUE=''
am__include=''
am__isrc=''
am__leading_dot=''
am__nodep=''
am__quote=''
am__tar=''
am__untar=''
bindir='${exec_prefix}/bin'
build=''
build_alias=''
build_cpu=''
build_os=''
build_vendor=''
datadir='${datarootdir}'
datarootdir='${prefix}/share'
docdir='${datarootdir}/doc/${PACKAGE_TARNAME}'
dvidir='${docdir}'
exec_prefix='NONE'
host=''
host_alias=''
host_cpu=''
host_os=''
host_vendor=''
htmldir='${docdir}'
includedir='${prefix}/include'
infodir='${datarootdir}/info'
install_sh=''
libdir='${exec_prefix}/lib'
libexecdir='${exec_prefix}/libexec'
localedir='${datarootdir}/locale'
localstatedir='${prefix}/var'
mandir='${datarootdir}/man'
mkdir_p=''
oldincludedir='/usr/include'
pdfdir='${docdir}'
prefix='NONE'
program_transform_name='s,x,x,'
psdir='${docdir}'
runstatedir='${localstatedir}/run'
sbindir='${exec_prefix}/sbin'
sharedstatedir='${prefix}/com'
subdirs=''
sysconfdir='${prefix}/etc'
target_alias=''

## ----------- ##
## confdefs.h. ##
## ----------- ##

/* confdefs.h */
#define PACKAGE_NAME "swig"
#define PACKAGE_TARNAME "swig"
#define PACKAGE_VERSION "3.0.12"
#define PACKAGE_STRING "swig 3.0.12"
#define PACKAGE_BUGREPORT "http://www.swig.org"
#define PACKAGE_URL ""

configure: caught signal 2
configure: exit 1
