Current configuration:
[NAME]		[DEFLT]	[VALUE]
-accumdir		/mnt/c/Users/PP37879/Desktop/tutorial/database/bwaccumdir/database_buff_1,
-constE		3.0	3.000000e+00
-dcountfn		
-example	no	no
-fullvar	no	no
-help		no	no
-inmeanfn		
-inmixwfn		
-invarfn		
-meanfn			/mnt/c/Users/PP37879/Desktop/tutorial/database/model_parameters/database.ci_cont/means
-mixwfn			/mnt/c/Users/PP37879/Desktop/tutorial/database/model_parameters/database.ci_cont/mixture_weights
-mmie		no	no
-oaccumdir		
-regmatfn		
-tiedvar	no	no
-tmatfn			/mnt/c/Users/PP37879/Desktop/tutorial/database/model_parameters/database.ci_cont/transition_matrices
-varfn			/mnt/c/Users/PP37879/Desktop/tutorial/database/model_parameters/database.ci_cont/variances

INFO: main.c(207): Reading and accumulating counts from /mnt/c/Users/PP37879/Desktop/tutorial/database/bwaccumdir/database_buff_1
INFO: s3mixw_io.c(117): Read /mnt/c/Users/PP37879/Desktop/tutorial/database/bwaccumdir/database_buff_1/mixw_counts [102x1x1 array]
INFO: s3tmat_io.c(118): Read /mnt/c/Users/PP37879/Desktop/tutorial/database/bwaccumdir/database_buff_1/tmat_counts [34x3x4 array]
INFO: s3gau_io.c(386): Read /mnt/c/Users/PP37879/Desktop/tutorial/database/bwaccumdir/database_buff_1/gauden_counts with means with vars [102x1x1 vector arrays]
INFO: main.c(391): Normalizing mean for n_mgau= 102, n_stream= 1, n_density= 1
INFO: main.c(414): Normalizing var
INFO: s3mixw_io.c(233): Wrote /mnt/c/Users/PP37879/Desktop/tutorial/database/model_parameters/database.ci_cont/mixture_weights [102x1x1 array]
INFO: s3tmat_io.c(176): Wrote /mnt/c/Users/PP37879/Desktop/tutorial/database/model_parameters/database.ci_cont/transition_matrices [34x3x4 array]
INFO: s3gau_io.c(228): Wrote /mnt/c/Users/PP37879/Desktop/tutorial/database/model_parameters/database.ci_cont/means [102x1x1 array]
INFO: s3gau_io.c(228): Wrote /mnt/c/Users/PP37879/Desktop/tutorial/database/model_parameters/database.ci_cont/variances [102x1x1 array]
Sat Jul 28 15:13:52 2018
Current Overall Likelihood Per Frame = -140.629034117105
